{
  "stats": {
    "suites": 1,
    "tests": 1,
    "passes": 1,
    "pending": 0,
    "failures": 0,
    "start": "2025-04-12T12:34:37.127Z",
    "end": "2025-04-12T12:34:48.350Z",
    "duration": 11223,
    "testsRegistered": 1,
    "passPercent": 100,
    "pendingPercent": 0,
    "other": 0,
    "hasOther": false,
    "skipped": 0,
    "hasSkipped": false
  },
  "results": [
    {
      "uuid": "754cc6f0-57f1-4b61-8f68-806f5563be1a",
      "title": "",
      "fullFile": "cypress/e2e/sample_test.cy.js",
      "file": "cypress/sample_test.cy.js",
      "beforeHooks": [],
      "afterHooks": [],
      "tests": [],
      "suites": [
        {
          "uuid": "e108ed96-4fe4-4874-a830-1f8be263d58c",
          "title": "Add car and Fuel expenses",
          "fullFile": "",
          "file": "",
          "beforeHooks": [],
          "afterHooks": [],
          "tests": [
            {
              "title": "Add car and Fuel expenses whole scenario",
              "fullTitle": "Add car and Fuel expenses Add car and Fuel expenses whole scenario",
              "timedOut": null,
              "duration": 11158,
              "state": "passed",
              "speed": "slow",
              "pass": true,
              "fail": false,
              "pending": false,
              "context": null,
              "code": "cy.get('[class=\"btn btn-outline-white header_signin\"]').click();\ncy.get('#signinEmail').type(Cypress.env('userEmail'));\ncy.get('#signinPassword').type(Cypress.env('userPassword'));\ncy.get('[class=\"btn btn-primary\"]').click();\ncy.contains('Garage').should('be.visible');\ncy.contains('Add car').click();\ncy.get('#addCarBrand').contains('Audi');\ncy.get('#addCarModel').contains('TT'); // cy.list_of_brands(['Audi', 'BMW', 'Ford', 'Porsche', 'Fiat']);\n// cy.list_of_audi_models(['TT', 'R8', 'Q7', 'A6', 'A8']);\n// cy.get('#addCarBrand').select('BMW');\n// cy.get('#addCarBrand').contains('BMW').should('be.visible');\n// cy.get('#addCarModel').contains('3').should('be.visible');\n// cy.list_of_bmw_models(['3', '5', 'X5', 'X6', 'Z3']);\n// cy.get('#addCarBrand').select('Ford');\n// cy.get('#addCarBrand').contains('Ford').should('be.visible');\n// cy.get('#addCarModel').contains('Fiesta').should('be.visible');\n// cy.list_of_ford_models(['Fiesta', 'Focus', 'Fusion', 'Mondeo', 'Sierra']);\n// cy.get('#addCarBrand').select('Porsche');\n// cy.get('#addCarBrand').contains('Porsche').should('be.visible');\n// cy.get('#addCarModel').contains('911').should('be.visible');\n// cy.list_of_porsche_models(['911', 'Cayenne', 'Panamera']);\n// cy.get('#addCarBrand').select('Fiat');\n// cy.get('#addCarBrand').contains('Fiat').should('be.visible');\n// cy.get('#addCarModel').contains('Palio').should('be.visible');\n// cy.list_of_fiat_models(['Palio', 'Ducato', 'Panda', 'Punto', 'Scudo']);\ncy.get('#addCarMileage').type('qwe');\ncy.get('#addCarBrand').select('Audi');\ncy.get('#addCarMileage').should('be.empty');\ncy.contains('Mileage cost required').should('be.visible').and('have.css', 'color', 'rgb(220, 53, 69)');\ncy.get('#addCarMileage').type('-1');\ncy.contains('Mileage has to be from 0 to 999999').should('be.visible').and('have.css', 'color', 'rgb(220, 53, 69)');\ncy.get('#addCarMileage').clear();\ncy.get('#addCarMileage').type('0');\ncy.get('[class=\"btn btn-primary\"]').contains('Add').should('not.be.disabled');\ncy.get('#addCarMileage').clear();\ncy.get('#addCarMileage').type('9999991');\ncy.get('#addCarBrand').select('Audi');\ncy.contains('Mileage has to be from 0 to 999999').should('be.visible').and('have.css', 'color', 'rgb(220, 53, 69)');\ncy.get('[class=\"modal-content\"]').find('[class=\"btn btn-primary\"]').contains('Add').should('be.disabled');\ncy.get('#addCarMileage').clear();\ncy.get('#addCarMileage').type('200');\ncy.get('[class=\"btn btn-primary\"]').contains('Add').should('not.be.disabled');\ncy.get('[class=\"modal-content\"]').find('[class=\"btn btn-primary\"]').contains('Add').click();\ncy.get('[class=\"car_add-expense btn btn-success\"]').contains('Add fuel expense').should('be.visible');\ncy.get('[class=\"car_add-expense btn btn-success\"]').contains('Add fuel expense').click();\ncy.contains('Add an expense').should('be.visible');\ncy.get('[class=\"modal-content\"]').find('[class=\"btn btn-primary\"]').contains('Add').should('be.disabled');\ncy.update_mileage('20');\ncy.get('#addExpenseLiters').click();\ncy.get('#addExpenseTotalCost').click();\ncy.contains('Liters required').should('be.visible').and('have.css', 'color', 'rgb(220, 53, 69)');\ncy.get('#addExpenseLiters').click();\ncy.contains('Total cost required').should('be.visible').and('have.css', 'color', 'rgb(220, 53, 69)');\ncy.get('#addExpenseLiters').type('0.009');\ncy.contains('Liters has to be from 0.01 to 9999').should('be.visible').and('have.css', 'color', 'rgb(220, 53, 69)');\ncy.get('#addExpenseTotalCost').type('0');\ncy.contains('Total cost has to be from 0.01 to 1000000').should('be.visible').and('have.css', 'color', 'rgb(220, 53, 69)');\ncy.get('#addExpenseLiters').clear();\ncy.get('#addExpenseLiters').type('9998');\ncy.get('#addExpenseTotalCost').click();\ncy.get('#addExpenseTotalCost').clear();\ncy.get('#addExpenseTotalCost').type('1000000');\ncy.get('[class=\"modal-content\"]').find('[class=\"btn btn-primary\"]').contains('Add').should('not.be.disabled');\ncy.get('#addExpenseLiters').clear();\ncy.get('#addExpenseLiters').type('9999.01');\ncy.contains('Liters has to be from 0.01 to 9999').should('be.visible').and('have.css', 'color', 'rgb(220, 53, 69)');\ncy.get('#addExpenseTotalCost').clear();\ncy.get('#addExpenseTotalCost').type('1000000.01');\ncy.contains('Total cost has to be from 0.01 to 1000000').should('be.visible').and('have.css', 'color', 'rgb(220, 53, 69)');\ncy.get('#addExpenseLiters').clear();\ncy.get('#addExpenseLiters').type('5');\ncy.get('#addExpenseTotalCost').clear();\ncy.get('#addExpenseTotalCost').type('4');\ncy.get('[class=\"modal-content\"]').find('[class=\"btn btn-primary\"]').contains('Add').should('not.be.disabled');\ncy.get('[class=\"modal-content\"]').find('[class=\"btn btn-primary\"]').contains('Add').click(); // cy.get('[class=\"col-lg-9 main-wrapper\"]').find('h1').contains('Fuel expenses').should('be.visible');\n// cy.get('[class=\"btn btn-white btn-sidebar sidebar_btn\"]').contains('Garage').click();\n// cy.get('[class=\"icon icon-edit\"]').click();\n// cy.get('[class=\"btn btn-outline-danger\"]').click();\n// cy.get('[class=\"modal-content\"]').find('[class=\"btn btn-danger\"]').click();\n// cy.contains('You don’t have any cars in your garage').should('be.visible');",
              "err": {},
              "uuid": "15681a49-ebf9-42ee-835d-3525ab4c2b2b",
              "parentUUID": "e108ed96-4fe4-4874-a830-1f8be263d58c",
              "isHook": false,
              "skipped": false
            }
          ],
          "suites": [],
          "passes": [
            "15681a49-ebf9-42ee-835d-3525ab4c2b2b"
          ],
          "failures": [],
          "pending": [],
          "skipped": [],
          "duration": 11158,
          "root": false,
          "rootEmpty": false,
          "_timeout": 2000
        }
      ],
      "passes": [],
      "failures": [],
      "pending": [],
      "skipped": [],
      "duration": 0,
      "root": true,
      "rootEmpty": true,
      "_timeout": 2000
    }
  ],
  "meta": {
    "mocha": {
      "version": "7.0.1"
    },
    "mochawesome": {
      "options": {
        "quiet": false,
        "reportFilename": "mochawesome",
        "saveHtml": false,
        "saveJson": true,
        "consoleReporter": "spec",
        "useInlineDiffs": false,
        "code": true
      },
      "version": "7.1.3"
    },
    "marge": {
      "options": {
        "reportDir": "cypress/reports",
        "overwrite": false,
        "html": false,
        "json": true
      },
      "version": "6.2.0"
    }
  }
}