{
  "stats": {
    "suites": 1,
    "tests": 1,
    "passes": 0,
    "pending": 0,
    "failures": 1,
    "start": "2025-04-12T12:08:50.600Z",
    "end": "2025-04-12T12:08:51.319Z",
    "duration": 719,
    "testsRegistered": 1,
    "passPercent": 0,
    "pendingPercent": 0,
    "other": 0,
    "hasOther": false,
    "skipped": 0,
    "hasSkipped": false
  },
  "results": [
    {
      "uuid": "a8c864a9-0693-4156-8a08-fdc092293387",
      "title": "",
      "fullFile": "cypress/e2e/sample_test.cy.js",
      "file": "cypress/sample_test.cy.js",
      "beforeHooks": [],
      "afterHooks": [],
      "tests": [],
      "suites": [
        {
          "uuid": "b516f448-6c7a-43c3-af33-22023f3a6985",
          "title": "Add car and Fuel expenses",
          "fullFile": "",
          "file": "",
          "beforeHooks": [],
          "afterHooks": [],
          "tests": [
            {
              "title": "Add car and Fuel expenses whole scenario",
              "fullTitle": "Add car and Fuel expenses Add car and Fuel expenses whole scenario",
              "timedOut": null,
              "duration": 686,
              "state": "failed",
              "speed": null,
              "pass": false,
              "fail": true,
              "pending": false,
              "context": null,
              "code": "cy.get('[class=\"btn btn-outline-white header_signin\"]').click();\ncy.get('#signinEmail').type(Cypress.env('userEmail'));\ncy.get('#signinPassword').type(Cypress.env('userPassword'));\ncy.get('[class=\"btn btn-primary\"]').click();\ncy.contains('Garage').should('be.visible');\ncy.contains('Add car').click();\ncy.get('#addCarBrand').contains('Audi').should('be.visible');\ncy.get('#addCarModel').contains('TT').should('be.visible');\ncy.list_of_brands(['Audi', 'BMW', 'Ford', 'Porsche', 'Fiat']);\ncy.list_of_audi_models(['TT', 'R8', 'Q7', 'A6', 'A8']);\ncy.get('#addCarBrand').select('BMW');\ncy.get('#addCarBrand').contains('BMW').should('be.visible');\ncy.get('#addCarModel').contains('3').should('be.visible');\ncy.list_of_bmw_models(['3', '5', 'X5', 'X6', 'Z3']);\ncy.get('#addCarBrand').select('Ford');\ncy.get('#addCarBrand').contains('Ford').should('be.visible');\ncy.get('#addCarModel').contains('Fiesta').should('be.visible');\ncy.list_of_ford_models(['Fiesta', 'Focus', 'Fusion', 'Mondeo', 'Sierra']);\ncy.get('#addCarBrand').select('Porsche');\ncy.get('#addCarBrand').contains('Porsche').should('be.visible');\ncy.get('#addCarModel').contains('911').should('be.visible');\ncy.list_of_porsche_models(['911', 'Cayenne', 'Panamera']);\ncy.get('#addCarBrand').select('Fiat');\ncy.get('#addCarBrand').contains('Fiat').should('be.visible');\ncy.get('#addCarModel').contains('Palio').should('be.visible');\ncy.list_of_fiat_models(['Palio', 'Ducato', 'Panda', 'Punto', 'Scudo']);\ncy.get('#addCarMileage').type('qwe');\ncy.get('#addCarBrand').select('Audi');\ncy.get('#addCarMileage').should('be.empty');\ncy.contains('Mileage cost required').should('be.visible').and('have.css', 'color', 'rgb(220, 53, 69)');\ncy.get('#addCarMileage').type('-1');\ncy.contains('Mileage has to be from 0 to 999999').should('be.visible').and('have.css', 'color', 'rgb(220, 53, 69)');\ncy.get('#addCarMileage').clear();\ncy.get('#addCarMileage').type('0');\ncy.get('[class=\"btn btn-primary\"]').contains('Add').should('not.be.disabled');\ncy.get('#addCarMileage').clear();\ncy.get('#addCarMileage').type('9999991');\ncy.get('#addCarBrand').select('Audi');\ncy.contains('Mileage has to be from 0 to 999999').should('be.visible').and('have.css', 'color', 'rgb(220, 53, 69)');\ncy.get('[class=\"modal-content\"]').find('[class=\"btn btn-primary\"]').contains('Add').should('be.disabled');\ncy.get('#addCarMileage').clear();\ncy.get('#addCarMileage').type('200');\ncy.get('[class=\"btn btn-primary\"]').contains('Add').should('not.be.disabled');\ncy.get('[class=\"modal-content\"]').find('[class=\"btn btn-primary\"]').contains('Add').click();\ncy.get('[class=\"car_add-expense btn btn-success\"]').contains('Add fuel expense').should('be.visible');\ncy.get('[class=\"car_add-expense btn btn-success\"]').contains('Add fuel expense').click();\ncy.contains('Add an expense').should('be.visible');\ncy.get('[class=\"modal-content\"]').find('[class=\"btn btn-primary\"]').contains('Add').should('be.disabled');\ncy.update_mileage('20');\ncy.get('#addExpenseLiters').click();\ncy.get('#addExpenseTotalCost').click();\ncy.contains('Liters required').should('be.visible').and('have.css', 'color', 'rgb(220, 53, 69)');\ncy.get('#addExpenseLiters').click();\ncy.contains('Total cost required').should('be.visible').and('have.css', 'color', 'rgb(220, 53, 69)');\ncy.get('#addExpenseLiters').type('0.009');\ncy.contains('Liters has to be from 0.01 to 9999').should('be.visible').and('have.css', 'color', 'rgb(220, 53, 69)');\ncy.get('#addExpenseTotalCost').type('0');\ncy.contains('Total cost has to be from 0.01 to 1000000').should('be.visible').and('have.css', 'color', 'rgb(220, 53, 69)');\ncy.get('#addExpenseLiters').clear();\ncy.get('#addExpenseLiters').type('9998');\ncy.get('#addExpenseTotalCost').click();\ncy.get('#addExpenseTotalCost').clear();\ncy.get('#addExpenseTotalCost').type('1000000');\ncy.get('[class=\"modal-content\"]').find('[class=\"btn btn-primary\"]').contains('Add').should('not.be.disabled');\ncy.get('#addExpenseLiters').clear();\ncy.get('#addExpenseLiters').type('9999.01');\ncy.contains('Liters has to be from 0.01 to 9999').should('be.visible').and('have.css', 'color', 'rgb(220, 53, 69)');\ncy.get('#addExpenseTotalCost').clear();\ncy.get('#addExpenseTotalCost').type('1000000.01');\ncy.contains('Total cost has to be from 0.01 to 1000000').should('be.visible').and('have.css', 'color', 'rgb(220, 53, 69)');\ncy.get('#addExpenseLiters').clear();\ncy.get('#addExpenseLiters').type('5');\ncy.get('#addExpenseTotalCost').clear();\ncy.get('#addExpenseTotalCost').type('4');\ncy.get('[class=\"modal-content\"]').find('[class=\"btn btn-primary\"]').contains('Add').should('not.be.disabled');\ncy.get('[class=\"modal-content\"]').find('[class=\"btn btn-primary\"]').contains('Add').click();\ncy.get('[class=\"col-lg-9 main-wrapper\"]').find('h1').contains('Fuel expenses').should('be.visible');\ncy.get('[class=\"btn btn-white btn-sidebar sidebar_btn\"]').contains('Garage').click();\ncy.get('[class=\"icon icon-edit\"]').click();\ncy.get('[class=\"btn btn-outline-danger\"]').click();\ncy.get('[class=\"modal-content\"]').find('[class=\"btn btn-danger\"]').click();\ncy.contains('You don’t have any cars in your garage').should('be.visible');",
              "err": {
                "message": "CypressError: `cy.visit()` failed trying to load:\n\nhttp://process.env.cypress_base_url/\n\nWe attempted to make an http request to this URL but the request failed without a response.\n\nWe received this error at the network level:\n\n  > Error: getaddrinfo ENOTFOUND process.env.cypress_base_url\n\nCommon situations why this would fail:\n  - you don't have internet access\n  - you forgot to run / boot your web server\n  - your web server isn't accessible\n  - you have weird network configuration settings on your computer\n\nBecause this error occurred during a `before all` hook we are skipping the remaining tests in the current suite: `Add car and Fuel expenses`",
                "estack": "CypressError: `cy.visit()` failed trying to load:\n\nhttp://process.env.cypress_base_url/\n\nWe attempted to make an http request to this URL but the request failed without a response.\n\nWe received this error at the network level:\n\n  > Error: getaddrinfo ENOTFOUND process.env.cypress_base_url\n\nCommon situations why this would fail:\n  - you don't have internet access\n  - you forgot to run / boot your web server\n  - your web server isn't accessible\n  - you have weird network configuration settings on your computer\n\nBecause this error occurred during a `before all` hook we are skipping the remaining tests in the current suite: `Add car and Fuel expenses`\n../driver/src/cy/commands/navigation.ts/__webpack_exports__.default/visit/go/</<@http://localhost:42503/__cypress/runner/cypress_runner.js:163598:82\nvisitFailedByErr@http://localhost:42503/__cypress/runner/cypress_runner.js:162902:12\n../driver/src/cy/commands/navigation.ts/__webpack_exports__.default/visit/go/<@http://localhost:42503/__cypress/runner/cypress_runner.js:163597:27\ntryCatcher@http://localhost:42503/__cypress/runner/cypress_runner.js:13022:23\n../../node_modules/bluebird/js/release/promise.js/</module.exports/Promise.prototype._settlePromiseFromHandler@http://localhost:42503/__cypress/runner/cypress_runner.js:10957:31\n../../node_modules/bluebird/js/release/promise.js/</module.exports/Promise.prototype._settlePromise@http://localhost:42503/__cypress/runner/cypress_runner.js:11014:18\n../../node_modules/bluebird/js/release/promise.js/</module.exports/Promise.prototype._settlePromise0@http://localhost:42503/__cypress/runner/cypress_runner.js:11059:10\n../../node_modules/bluebird/js/release/promise.js/</module.exports/Promise.prototype._settlePromises@http://localhost:42503/__cypress/runner/cypress_runner.js:11135:18\n_drainQueueStep@http://localhost:42503/__cypress/runner/cypress_runner.js:7729:12\n_drainQueue@http://localhost:42503/__cypress/runner/cypress_runner.js:7722:24\n../../node_modules/bluebird/js/release/async.js/</Async.prototype._drainQueues@http://localhost:42503/__cypress/runner/cypress_runner.js:7738:16\n../../node_modules/bluebird/js/release/async.js/</Async/this.drainQueues@http://localhost:42503/__cypress/runner/cypress_runner.js:7608:14\nFrom Your Spec Code:\n    ./cypress/e2e/sample_test.cy.js/</<@http://localhost:42503/__cypress/tests?p=cypress/e2e/sample_test.cy.js:101:8\n    ../driver/src/cypress/cy.ts/setRunnable/runnable.fn@http://localhost:42503/__cypress/runner/cypress_runner.js:178680:43\n    callFn@http://localhost:42503/__cypress/runner/cypress_runner.js:129491:21\n    ../driver/node_modules/mocha/lib/runnable.js/</Runnable.prototype.run@http://localhost:42503/__cypress/runner/cypress_runner.js:129478:13\n    ../driver/src/cypress/runner.ts/create/onRunnableRun/<@http://localhost:42503/__cypress/runner/cypress_runner.js:185755:30\n    finallyHandler@http://localhost:42503/__cypress/runner/cypress_runner.js:9576:23\n    tryCatcher@http://localhost:42503/__cypress/runner/cypress_runner.js:13022:23\n    ../../node_modules/bluebird/js/release/promise.js/</module.exports/Promise.prototype._settlePromiseFromHandler@http://localhost:42503/__cypress/runner/cypress_runner.js:10957:31\n    ../../node_modules/bluebird/js/release/promise.js/</module.exports/Promise.prototype._settlePromise@http://localhost:42503/__cypress/runner/cypress_runner.js:11014:18\n    ../../node_modules/bluebird/js/release/promise.js/</module.exports/Promise.prototype._settlePromise0@http://localhost:42503/__cypress/runner/cypress_runner.js:11059:10\n    ../../node_modules/bluebird/js/release/promise.js/</module.exports/Promise.prototype._settlePromises@http://localhost:42503/__cypress/runner/cypress_runner.js:11139:18\n    ../../node_modules/bluebird/js/release/promise.js/</module.exports/Promise.prototype._fulfill@http://localhost:42503/__cypress/runner/cypress_runner.js:11083:18\n    ../../node_modules/bluebird/js/release/promise.js/</module.exports/Promise.prototype._settlePromise@http://localhost:42503/__cypress/runner/cypress_runner.js:11027:21\n    ../../node_modules/bluebird/js/release/promise.js/</module.exports/Promise.prototype._settlePromise0@http://localhost:42503/__cypress/runner/cypress_runner.js:11059:10\n    ../../node_modules/bluebird/js/release/promise.js/</module.exports/Promise.prototype._settlePromises@http://localhost:42503/__cypress/runner/cypress_runner.js:11139:18\n    ../../node_modules/bluebird/js/release/promise.js/</module.exports/Promise.prototype._fulfill@http://localhost:42503/__cypress/runner/cypress_runner.js:11083:18\n    ../../node_modules/bluebird/js/release/promise.js/</module.exports/Promise.prototype._resolveCallback@http://localhost:42503/__cypress/runner/cypress_runner.js:10877:57\n    ../../node_modules/bluebird/js/release/promise.js/</module.exports/Promise.prototype._settlePromiseFromHandler@http://localhost:42503/__cypress/runner/cypress_runner.js:10969:17\n    ../../node_modules/bluebird/js/release/promise.js/</module.exports/Promise.prototype._settlePromise@http://localhost:42503/__cypress/runner/cypress_runner.js:11014:18\n    ../../node_modules/bluebird/js/release/promise.js/</module.exports/Promise.prototype._settlePromise0@http://localhost:42503/__cypress/runner/cypress_runner.js:11059:10\n    ../../node_modules/bluebird/js/release/promise.js/</module.exports/Promise.prototype._settlePromises@http://localhost:42503/__cypress/runner/cypress_runner.js:11139:18\n    ../../node_modules/bluebird/js/release/promise.js/</module.exports/Promise.prototype._fulfill@http://localhost:42503/__cypress/runner/cypress_runner.js:11083:18\n    ../../node_modules/bluebird/js/release/promise_array.js/module.exports/PromiseArray.prototype._resolve@http://localhost:42503/__cypress/runner/cypress_runner.js:11356:19\n    ../../node_modules/bluebird/js/release/promise_array.js/module.exports/PromiseArray.prototype._promiseFulfilled@http://localhost:42503/__cypress/runner/cypress_runner.js:11374:14\n    ../../node_modules/bluebird/js/release/promise_array.js/module.exports/PromiseArray.prototype._iterate@http://localhost:42503/__cypress/runner/cypress_runner.js:11344:31\n    init@http://localhost:42503/__cypress/runner/cypress_runner.js:11308:10\n    ../../node_modules/bluebird/js/release/promise.js/</module.exports/Promise.prototype._settlePromise@http://localhost:42503/__cypress/runner/cypress_runner.js:11011:21\n    ../../node_modules/bluebird/js/release/promise.js/</module.exports/Promise.prototype._settlePromise0@http://localhost:42503/__cypress/runner/cypress_runner.js:11059:10\n    ../../node_modules/bluebird/js/release/promise.js/</module.exports/Promise.prototype._settlePromises@http://localhost:42503/__cypress/runner/cypress_runner.js:11139:18\n    ../../node_modules/bluebird/js/release/promise.js/</module.exports/Promise.prototype._fulfill@http://localhost:42503/__cypress/runner/cypress_runner.js:11083:18\n    ../../node_modules/bluebird/js/release/promise_array.js/module.exports/PromiseArray.prototype._resolve@http://localhost:42503/__cypress/runner/cypress_runner.js:11356:19\n    ../../node_modules/bluebird/js/release/promise_array.js/module.exports/PromiseArray.prototype._promiseFulfilled@http://localhost:42503/__cypress/runner/cypress_runner.js:11374:14\n    ../../node_modules/bluebird/js/release/promise.js/</module.exports/Promise.prototype._settlePromise@http://localhost:42503/__cypress/runner/cypress_runner.js:11019:26\n    ../../node_modules/bluebird/js/release/promise.js/</module.exports/Promise.prototype._settlePromise0@http://localhost:42503/__cypress/runner/cypress_runner.js:11059:10\n    ../../node_modules/bluebird/js/release/promise.js/</module.exports/Promise.prototype._settlePromises@http://localhost:42503/__cypress/runner/cypress_runner.js:11139:18\n    ../../node_modules/bluebird/js/release/promise.js/</module.exports/Promise.prototype._fulfill@http://localhost:42503/__cypress/runner/cypress_runner.js:11083:18\n    ../../node_modules/bluebird/js/release/promise_array.js/module.exports/PromiseArray.prototype._resolve@http://localhost:42503/__cypress/runner/cypress_runner.js:11356:19\n    ../../node_modules/bluebird/js/release/map.js/module.exports/MappingPromiseArray.prototype._promiseFulfilled@http://localhost:42503/__cypress/runner/cypress_runner.js:10182:18\n    ../../node_modules/bluebird/js/release/promise.js/</module.exports/Promise.prototype._settlePromise@http://localhost:42503/__cypress/runner/cypress_runner.js:11019:26\n    ../../node_modules/bluebird/js/release/promise.js/</module.exports/Promise.prototype._settlePromise0@http://localhost:42503/__cypress/runner/cypress_runner.js:11059:10\n    ../../node_modules/bluebird/js/release/promise.js/</module.exports/Promise.prototype._settlePromises@http://localhost:42503/__cypress/runner/cypress_runner.js:11139:18\n    _drainQueueStep@http://localhost:42503/__cypress/runner/cypress_runner.js:7729:12\n    _drainQueue@http://localhost:42503/__cypress/runner/cypress_runner.js:7722:24\n    ../../node_modules/bluebird/js/release/async.js/</Async.prototype._drainQueues@http://localhost:42503/__cypress/runner/cypress_runner.js:7738:16\n    ../../node_modules/bluebird/js/release/async.js/</Async/this.drainQueues@http://localhost:42503/__cypress/runner/cypress_runner.js:7608:14\n\n\nFrom Node.js Internals:\n  Error: getaddrinfo ENOTFOUND process.env.cypress_base_url\n      at GetAddrInfoReqWrap.onlookup [as oncomplete] (node:dns:71:26)\n  ",
                "diff": null
              },
              "uuid": "ff0985c9-3f31-49db-8cf8-c7fe2ffed184",
              "parentUUID": "b516f448-6c7a-43c3-af33-22023f3a6985",
              "isHook": false,
              "skipped": false
            }
          ],
          "suites": [],
          "passes": [],
          "failures": [
            "ff0985c9-3f31-49db-8cf8-c7fe2ffed184"
          ],
          "pending": [],
          "skipped": [],
          "duration": 686,
          "root": false,
          "rootEmpty": false,
          "_timeout": 2000
        }
      ],
      "passes": [],
      "failures": [],
      "pending": [],
      "skipped": [],
      "duration": 0,
      "root": true,
      "rootEmpty": true,
      "_timeout": 2000
    }
  ],
  "meta": {
    "mocha": {
      "version": "7.0.1"
    },
    "mochawesome": {
      "options": {
        "quiet": false,
        "reportFilename": "mochawesome",
        "saveHtml": false,
        "saveJson": true,
        "consoleReporter": "spec",
        "useInlineDiffs": false,
        "code": true
      },
      "version": "7.1.3"
    },
    "marge": {
      "options": {
        "reportDir": "cypress/reports",
        "overwrite": false,
        "html": false,
        "json": true
      },
      "version": "6.2.0"
    }
  }
}